#
# A fatal error has been detected by the Java Runtime Environment:
#
#  EXCEPTION_ACCESS_VIOLATION (0xc0000005) at pc=0x00007ffe7f230e10, pid=27436, tid=24896
#
# JRE version: Java(TM) SE Runtime Environment 18.9 (11.0.22+9) (build 11.0.22+9-LTS-219)
# Java VM: Java HotSpot(TM) 64-Bit Server VM 18.9 (11.0.22+9-LTS-219, mixed mode, tiered, compressed oops, g1 gc, windows-amd64)
# Problematic frame:
# V  [jvm.dll+0x110e10]
#
# No core dump will be written. Minidumps are not enabled by default on client versions of Windows
#
# If you would like to submit a bug report, please visit:
#   https://bugreport.java.com/bugreport/crash.jsp
#

---------------  S U M M A R Y ------------

Command Line: -javaagent:D:\software\codingSoft\IDEA_2021\IntelliJ IDEA 2022.3.3\lib\idea_rt.jar=61895:D:\software\codingSoft\IDEA_2021\IntelliJ IDEA 2022.3.3\bin -Dfile.encoding=UTF-8 com.xd.main

Host: AMD Ryzen 9 7940H w/ Radeon 780M Graphics     , 16 cores, 15G,  Windows 11 , 64 bit Build 22621 (10.0.22621.963)
Time: Sat Jun 29 15:09:50 2024  Windows 11 , 64 bit Build 22621 (10.0.22621.963) elapsed time: 0.789688 seconds (0d 0h 0m 0s)

---------------  T H R E A D  ---------------

Current thread (0x00000204d25bf800):  JavaThread "main" [_thread_in_vm, id=24896, stack(0x000000ec4b800000,0x000000ec4b900000)]

Stack: [0x000000ec4b800000,0x000000ec4b900000],  sp=0x000000ec4b8fe8d8,  free space=1018k
Native frames: (J=compiled Java code, j=interpreted, Vv=VM code, C=native code)
V  [jvm.dll+0x110e10]

Java frames: (J=compiled Java code, j=interpreted, Vv=VM code)
j  com.sun.jna.Native.findSymbol(JLjava/lang/String;)J+0
j  com.sun.jna.NativeLibrary.getSymbolAddress(Ljava/lang/String;)J+24
j  com.sun.jna.Function.<init>(Lcom/sun/jna/NativeLibrary;Ljava/lang/String;ILjava/lang/String;)V+69
j  com.sun.jna.NativeLibrary.getFunction+59
j  com.sun.jna.NativeLibrary.getFunction(Ljava/lang/String;I)Lcom/sun/jna/Function;+7
j  com.sun.jna.NativeLibrary.getFunction(Ljava/lang/String;Ljava/lang/reflect/Method;)Lcom/sun/jna/Function;+109
j  com.sun.jna.Library$Handler.invoke(Ljava/lang/Object;Ljava/lang/reflect/Method;[Ljava/lang/Object;)Ljava/lang/Object;+218
j  com.sun.proxy.$Proxy0.rtree_create_tree(Lcom/sun/jna/ptr/PointerByReference;I)Lcom/xd/library/SkylineLibrary$Structures$rtree_node;+23
j  com.xd.main.main([Ljava/lang/String;)V+200
v  ~StubRoutines::call_stub

siginfo: EXCEPTION_ACCESS_VIOLATION (0xc0000005), reading address 0x0000000000000000


Register to memory mapping:

RIP=0x00007ffe7f230e10 jvm.dll
RAX=0x0 is NULL
RBX=0x00000204d25bf800 is a thread
RCX=0x0 is NULL
RDX=0x0000000000000006 is an unknown value
RSP=0x000000ec4b8fe8d8 is pointing into the stack for thread: 0x00000204d25bf800
RBP=0x000000ec4b8fee50 is pointing into the stack for thread: 0x00000204d25bf800
RSI=0x0 is NULL
RDI=0x0 is NULL
R8 =0x0000000000000002 is an unknown value
R9 =0x0000000000000002 is an unknown value
R10=0x00000204d25b0f20 points into unknown readable memory: 0x0000003c00000001 | 01 00 00 00 3c 00 00 00
R11={method} {0x00000204f7660e28} 'finalize' '()V' in 'java/lang/Object'
R12=0x0 is NULL
R13={method} {0x00000204f7c27fc0} 'findSymbol' '(JLjava/lang/String;)J' in 'com/sun/jna/Native'
R14=0x000000ec4b8fee80 is pointing into the stack for thread: 0x00000204d25bf800
R15=0x00000204d25bf800 is a thread


Registers:
RAX=0x0000000000000000, RBX=0x00000204d25bf800, RCX=0x0000000000000000, RDX=0x0000000000000006
RSP=0x000000ec4b8fe8d8, RBP=0x000000ec4b8fee50, RSI=0x0000000000000000, RDI=0x0000000000000000
R8 =0x0000000000000002, R9 =0x0000000000000002, R10=0x00000204d25b0f20, R11=0x00000204f7660e20
R12=0x0000000000000000, R13=0x00000204f7c27fb8, R14=0x000000ec4b8fee80, R15=0x00000204d25bf800
RIP=0x00007ffe7f230e10, EFLAGS=0x0000000000010246

Top of Stack: (sp=0x000000ec4b8fe8d8)
0x000000ec4b8fe8d8:   00007ffe7f4f0ae1 00000204d25bf800
0x000000ec4b8fe8e8:   00000000000001a0 000000ec4b8fee80
0x000000ec4b8fe8f8:   000000ec4b8fee50 00000000000001a0
0x000000ec4b8fe908:   00007fff512b7a9a 00000204f7c27fb8
0x000000ec4b8fe918:   0000000000000000 00000204f86065c8
0x000000ec4b8fe928:   000000ec4b8fee70 0000000000000000
0x000000ec4b8fe938:   0000000000000000 0000000000000000
0x000000ec4b8fe948:   0000000000000000 0000000000000000
0x000000ec4b8fe958:   0000000000000000 0000000000000000
0x000000ec4b8fe968:   00007fff512b4838 00000204d25bfb48
0x000000ec4b8fe978:   000000ec4b8fee70 0000000000000000
0x000000ec4b8fe988:   000000071b269f58 00000204d23c9610
0x000000ec4b8fe998:   0000000000000000 00007ffe7b0a0000
0x000000ec4b8fe9a8:   00000204d25bf800 000000ec4b8fe9e0
0x000000ec4b8fe9b8:   00007ffe7f4a0000 0000000000000000
0x000000ec4b8fe9c8:   000000ec4b8fea00 00000204d25bf800 

Instructions: (pc=0x00007ffe7f230e10)
0x00007ffe7f230df0:   ff e0 cc cc cc cc cc cc cc cc cc cc cc cc cc cc
0x00007ffe7f230e00:   8b 05 42 22 94 00 c3 cc cc cc cc cc cc cc cc cc
0x00007ffe7f230e10:   48 8b 01 c3 cc cc cc cc cc cc cc cc cc cc cc cc
0x00007ffe7f230e20:   8b 01 85 c0 75 03 33 c0 c3 8b 0d 19 22 94 00 48 


Stack slot to memory mapping:
stack at sp + 0 slots: 0x00007ffe7f4f0ae1 jvm.dll
stack at sp + 1 slots: 0x00000204d25bf800 is a thread
stack at sp + 2 slots: 0x00000000000001a0 is an unknown value
stack at sp + 3 slots: 0x000000ec4b8fee80 is pointing into the stack for thread: 0x00000204d25bf800
stack at sp + 4 slots: 0x000000ec4b8fee50 is pointing into the stack for thread: 0x00000204d25bf800
stack at sp + 5 slots: 0x00000000000001a0 is an unknown value
stack at sp + 6 slots: 0x00007fff512b7a9a jna16748945398109872753.dll
stack at sp + 7 slots: {method} {0x00000204f7c27fc0} 'findSymbol' '(JLjava/lang/String;)J' in 'com/sun/jna/Native'


---------------  P R O C E S S  ---------------

Threads class SMR info:
_java_thread_list=0x00000204f85d4a40, length=13, elements={
0x00000204d25bf800, 0x00000204f763f800, 0x00000204f764b800, 0x00000204f7f5d000,
0x00000204f7f61000, 0x00000204f7f62000, 0x00000204f7f63800, 0x00000204f7659800,
0x00000204f7f89000, 0x00000204f80ef800, 0x00000204f80f7800, 0x00000204f80fc800,
0x00000204f840d000
}

Java Threads: ( => current thread )
=>0x00000204d25bf800 JavaThread "main" [_thread_in_vm, id=24896, stack(0x000000ec4b800000,0x000000ec4b900000)]
  0x00000204f763f800 JavaThread "Reference Handler" daemon [_thread_blocked, id=25036, stack(0x000000ec4bf00000,0x000000ec4c000000)]
  0x00000204f764b800 JavaThread "Finalizer" daemon [_thread_blocked, id=25840, stack(0x000000ec4c000000,0x000000ec4c100000)]
  0x00000204f7f5d000 JavaThread "Signal Dispatcher" daemon [_thread_blocked, id=24220, stack(0x000000ec4c100000,0x000000ec4c200000)]
  0x00000204f7f61000 JavaThread "Attach Listener" daemon [_thread_blocked, id=30456, stack(0x000000ec4c200000,0x000000ec4c300000)]
  0x00000204f7f62000 JavaThread "Service Thread" daemon [_thread_blocked, id=27128, stack(0x000000ec4c300000,0x000000ec4c400000)]
  0x00000204f7f63800 JavaThread "C2 CompilerThread0" daemon [_thread_blocked, id=19880, stack(0x000000ec4c400000,0x000000ec4c500000)]
  0x00000204f7659800 JavaThread "C1 CompilerThread0" daemon [_thread_blocked, id=32656, stack(0x000000ec4c500000,0x000000ec4c600000)]
  0x00000204f7f89000 JavaThread "Sweeper thread" daemon [_thread_blocked, id=32628, stack(0x000000ec4c600000,0x000000ec4c700000)]
  0x00000204f80ef800 JavaThread "Common-Cleaner" daemon [_thread_blocked, id=27760, stack(0x000000ec4c700000,0x000000ec4c800000)]
  0x00000204f80f7800 JavaThread "C1 CompilerThread1" daemon [_thread_blocked, id=29636, stack(0x000000ec4c800000,0x000000ec4c900000)]
  0x00000204f80fc800 JavaThread "C1 CompilerThread2" daemon [_thread_in_vm, id=100, stack(0x000000ec4c900000,0x000000ec4ca00000)]
  0x00000204f840d000 JavaThread "Monitor Ctrl-Break" daemon [_thread_in_native, id=19816, stack(0x000000ec4cc00000,0x000000ec4cd00000)]

Other Threads:
  0x00000204f763b800 VMThread "VM Thread" [stack: 0x000000ec4be00000,0x000000ec4bf00000] [id=13432]
  0x00000204f840e800 WatcherThread [stack: 0x000000ec4cd00000,0x000000ec4ce00000] [id=25644]
  0x00000204d25d5800 GCTaskThread "GC Thread#0" [stack: 0x000000ec4b900000,0x000000ec4ba00000] [id=10764]
  0x00000204d262f800 ConcurrentGCThread "G1 Main Marker" [stack: 0x000000ec4ba00000,0x000000ec4bb00000] [id=32564]
  0x00000204d2631800 ConcurrentGCThread "G1 Conc#0" [stack: 0x000000ec4bb00000,0x000000ec4bc00000] [id=10928]
  0x00000204f7524800 ConcurrentGCThread "G1 Refine#0" [stack: 0x000000ec4bc00000,0x000000ec4bd00000] [id=11740]
  0x00000204f7527800 ConcurrentGCThread "G1 Young RemSet Sampling" [stack: 0x000000ec4bd00000,0x000000ec4be00000] [id=31528]

Threads with active compile tasks:
C1 CompilerThread2      806  647       3       java.io.FileOutputStream::write (20 bytes)

VM state:not at safepoint (normal execution)

VM Mutex/Monitor currently owned by a thread: None

Heap address: 0x000000070c600000, size: 3898 MB, Compressed Oops mode: Zero based, Oop shift amount: 3
Narrow klass base: 0x0000000800000000, Narrow klass shift: 0
Compressed class space size: 1073741824 Address: 0x0000000800000000

Heap:
 garbage-first heap   total 249856K, used 7168K [0x000000070c600000, 0x0000000800000000)
  region size 1024K, 8 young (8192K), 0 survivors (0K)
 Metaspace       used 9517K, capacity 9693K, committed 9984K, reserved 1058816K
  class space    used 904K, capacity 977K, committed 1024K, reserved 1048576K
Heap Regions: E=young(eden), S=young(survivor), O=old, HS=humongous(starts), HC=humongous(continues), CS=collection set, F=free, A=archive, TAMS=top-at-mark-start (previous, next)
|   0|0x000000070c600000, 0x000000070c600000, 0x000000070c700000|  0%| F|  |TAMS 0x000000070c600000, 0x000000070c600000| Untracked 
|   1|0x000000070c700000, 0x000000070c700000, 0x000000070c800000|  0%| F|  |TAMS 0x000000070c700000, 0x000000070c700000| Untracked 
|   2|0x000000070c800000, 0x000000070c800000, 0x000000070c900000|  0%| F|  |TAMS 0x000000070c800000, 0x000000070c800000| Untracked 
|   3|0x000000070c900000, 0x000000070c900000, 0x000000070ca00000|  0%| F|  |TAMS 0x000000070c900000, 0x000000070c900000| Untracked 
|   4|0x000000070ca00000, 0x000000070ca00000, 0x000000070cb00000|  0%| F|  |TAMS 0x000000070ca00000, 0x000000070ca00000| Untracked 
|   5|0x000000070cb00000, 0x000000070cb00000, 0x000000070cc00000|  0%| F|  |TAMS 0x000000070cb00000, 0x000000070cb00000| Untracked 
|   6|0x000000070cc00000, 0x000000070cc00000, 0x000000070cd00000|  0%| F|  |TAMS 0x000000070cc00000, 0x000000070cc00000| Untracked 
|   7|0x000000070cd00000, 0x000000070cd00000, 0x000000070ce00000|  0%| F|  |TAMS 0x000000070cd00000, 0x000000070cd00000| Untracked 
|   8|0x000000070ce00000, 0x000000070ce00000, 0x000000070cf00000|  0%| F|  |TAMS 0x000000070ce00000, 0x000000070ce00000| Untracked 
|   9|0x000000070cf00000, 0x000000070cf00000, 0x000000070d000000|  0%| F|  |TAMS 0x000000070cf00000, 0x000000070cf00000| Untracked 
|  10|0x000000070d000000, 0x000000070d000000, 0x000000070d100000|  0%| F|  |TAMS 0x000000070d000000, 0x000000070d000000| Untracked 
|  11|0x000000070d100000, 0x000000070d100000, 0x000000070d200000|  0%| F|  |TAMS 0x000000070d100000, 0x000000070d100000| Untracked 
|  12|0x000000070d200000, 0x000000070d200000, 0x000000070d300000|  0%| F|  |TAMS 0x000000070d200000, 0x000000070d200000| Untracked 
|  13|0x000000070d300000, 0x000000070d300000, 0x000000070d400000|  0%| F|  |TAMS 0x000000070d300000, 0x000000070d300000| Untracked 
|  14|0x000000070d400000, 0x000000070d400000, 0x000000070d500000|  0%| F|  |TAMS 0x000000070d400000, 0x000000070d400000| Untracked 
|  15|0x000000070d500000, 0x000000070d500000, 0x000000070d600000|  0%| F|  |TAMS 0x000000070d500000, 0x000000070d500000| Untracked 
|  16|0x000000070d600000, 0x000000070d600000, 0x000000070d700000|  0%| F|  |TAMS 0x000000070d600000, 0x000000070d600000| Untracked 
|  17|0x000000070d700000, 0x000000070d700000, 0x000000070d800000|  0%| F|  |TAMS 0x000000070d700000, 0x000000070d700000| Untracked 
|  18|0x000000070d800000, 0x000000070d800000, 0x000000070d900000|  0%| F|  |TAMS 0x000000070d800000, 0x000000070d800000| Untracked 
|  19|0x000000070d900000, 0x000000070d900000, 0x000000070da00000|  0%| F|  |TAMS 0x000000070d900000, 0x000000070d900000| Untracked 
|  20|0x000000070da00000, 0x000000070da00000, 0x000000070db00000|  0%| F|  |TAMS 0x000000070da00000, 0x000000070da00000| Untracked 
|  21|0x000000070db00000, 0x000000070db00000, 0x000000070dc00000|  0%| F|  |TAMS 0x000000070db00000, 0x000000070db00000| Untracked 
|  22|0x000000070dc00000, 0x000000070dc00000, 0x000000070dd00000|  0%| F|  |TAMS 0x000000070dc00000, 0x000000070dc00000| Untracked 
|  23|0x000000070dd00000, 0x000000070dd00000, 0x000000070de00000|  0%| F|  |TAMS 0x000000070dd00000, 0x000000070dd00000| Untracked 
|  24|0x000000070de00000, 0x000000070de00000, 0x000000070df00000|  0%| F|  |TAMS 0x000000070de00000, 0x000000070de00000| Untracked 
|  25|0x000000070df00000, 0x000000070df00000, 0x000000070e000000|  0%| F|  |TAMS 0x000000070df00000, 0x000000070df00000| Untracked 
|  26|0x000000070e000000, 0x000000070e000000, 0x000000070e100000|  0%| F|  |TAMS 0x000000070e000000, 0x000000070e000000| Untracked 
|  27|0x000000070e100000, 0x000000070e100000, 0x000000070e200000|  0%| F|  |TAMS 0x000000070e100000, 0x000000070e100000| Untracked 
|  28|0x000000070e200000, 0x000000070e200000, 0x000000070e300000|  0%| F|  |TAMS 0x000000070e200000, 0x000000070e200000| Untracked 
|  29|0x000000070e300000, 0x000000070e300000, 0x000000070e400000|  0%| F|  |TAMS 0x000000070e300000, 0x000000070e300000| Untracked 
|  30|0x000000070e400000, 0x000000070e400000, 0x000000070e500000|  0%| F|  |TAMS 0x000000070e400000, 0x000000070e400000| Untracked 
|  31|0x000000070e500000, 0x000000070e500000, 0x000000070e600000|  0%| F|  |TAMS 0x000000070e500000, 0x000000070e500000| Untracked 
|  32|0x000000070e600000, 0x000000070e600000, 0x000000070e700000|  0%| F|  |TAMS 0x000000070e600000, 0x000000070e600000| Untracked 
|  33|0x000000070e700000, 0x000000070e700000, 0x000000070e800000|  0%| F|  |TAMS 0x000000070e700000, 0x000000070e700000| Untracked 
|  34|0x000000070e800000, 0x000000070e800000, 0x000000070e900000|  0%| F|  |TAMS 0x000000070e800000, 0x000000070e800000| Untracked 
|  35|0x000000070e900000, 0x000000070e900000, 0x000000070ea00000|  0%| F|  |TAMS 0x000000070e900000, 0x000000070e900000| Untracked 
|  36|0x000000070ea00000, 0x000000070ea00000, 0x000000070eb00000|  0%| F|  |TAMS 0x000000070ea00000, 0x000000070ea00000| Untracked 
|  37|0x000000070eb00000, 0x000000070eb00000, 0x000000070ec00000|  0%| F|  |TAMS 0x000000070eb00000, 0x000000070eb00000| Untracked 
|  38|0x000000070ec00000, 0x000000070ec00000, 0x000000070ed00000|  0%| F|  |TAMS 0x000000070ec00000, 0x000000070ec00000| Untracked 
|  39|0x000000070ed00000, 0x000000070ed00000, 0x000000070ee00000|  0%| F|  |TAMS 0x000000070ed00000, 0x000000070ed00000| Untracked 
|  40|0x000000070ee00000, 0x000000070ee00000, 0x000000070ef00000|  0%| F|  |TAMS 0x000000070ee00000, 0x000000070ee00000| Untracked 
|  41|0x000000070ef00000, 0x000000070ef00000, 0x000000070f000000|  0%| F|  |TAMS 0x000000070ef00000, 0x000000070ef00000| Untracked 
|  42|0x000000070f000000, 0x000000070f000000, 0x000000070f100000|  0%| F|  |TAMS 0x000000070f000000, 0x000000070f000000| Untracked 
|  43|0x000000070f100000, 0x000000070f100000, 0x000000070f200000|  0%| F|  |TAMS 0x000000070f100000, 0x000000070f100000| Untracked 
|  44|0x000000070f200000, 0x000000070f200000, 0x000000070f300000|  0%| F|  |TAMS 0x000000070f200000, 0x000000070f200000| Untracked 
|  45|0x000000070f300000, 0x000000070f300000, 0x000000070f400000|  0%| F|  |TAMS 0x000000070f300000, 0x000000070f300000| Untracked 
|  46|0x000000070f400000, 0x000000070f400000, 0x000000070f500000|  0%| F|  |TAMS 0x000000070f400000, 0x000000070f400000| Untracked 
|  47|0x000000070f500000, 0x000000070f500000, 0x000000070f600000|  0%| F|  |TAMS 0x000000070f500000, 0x000000070f500000| Untracked 
|  48|0x000000070f600000, 0x000000070f600000, 0x000000070f700000|  0%| F|  |TAMS 0x000000070f600000, 0x000000070f600000| Untracked 
|  49|0x000000070f700000, 0x000000070f700000, 0x000000070f800000|  0%| F|  |TAMS 0x000000070f700000, 0x000000070f700000| Untracked 
|  50|0x000000070f800000, 0x000000070f800000, 0x000000070f900000|  0%| F|  |TAMS 0x000000070f800000, 0x000000070f800000| Untracked 
|  51|0x000000070f900000, 0x000000070f900000, 0x000000070fa00000|  0%| F|  |TAMS 0x000000070f900000, 0x000000070f900000| Untracked 
|  52|0x000000070fa00000, 0x000000070fa00000, 0x000000070fb00000|  0%| F|  |TAMS 0x000000070fa00000, 0x000000070fa00000| Untracked 
|  53|0x000000070fb00000, 0x000000070fb00000, 0x000000070fc00000|  0%| F|  |TAMS 0x000000070fb00000, 0x000000070fb00000| Untracked 
|  54|0x000000070fc00000, 0x000000070fc00000, 0x000000070fd00000|  0%| F|  |TAMS 0x000000070fc00000, 0x000000070fc00000| Untracked 
|  55|0x000000070fd00000, 0x000000070fd00000, 0x000000070fe00000|  0%| F|  |TAMS 0x000000070fd00000, 0x000000070fd00000| Untracked 
|  56|0x000000070fe00000, 0x000000070fe00000, 0x000000070ff00000|  0%| F|  |TAMS 0x000000070fe00000, 0x000000070fe00000| Untracked 
|  57|0x000000070ff00000, 0x000000070ff00000, 0x0000000710000000|  0%| F|  |TAMS 0x000000070ff00000, 0x000000070ff00000| Untracked 
|  58|0x0000000710000000, 0x0000000710000000, 0x0000000710100000|  0%| F|  |TAMS 0x0000000710000000, 0x0000000710000000| Untracked 
|  59|0x0000000710100000, 0x0000000710100000, 0x0000000710200000|  0%| F|  |TAMS 0x0000000710100000, 0x0000000710100000| Untracked 
|  60|0x0000000710200000, 0x0000000710200000, 0x0000000710300000|  0%| F|  |TAMS 0x0000000710200000, 0x0000000710200000| Untracked 
|  61|0x0000000710300000, 0x0000000710300000, 0x0000000710400000|  0%| F|  |TAMS 0x0000000710300000, 0x0000000710300000| Untracked 
|  62|0x0000000710400000, 0x0000000710400000, 0x0000000710500000|  0%| F|  |TAMS 0x0000000710400000, 0x0000000710400000| Untracked 
|  63|0x0000000710500000, 0x0000000710500000, 0x0000000710600000|  0%| F|  |TAMS 0x0000000710500000, 0x0000000710500000| Untracked 
|  64|0x0000000710600000, 0x0000000710600000, 0x0000000710700000|  0%| F|  |TAMS 0x0000000710600000, 0x0000000710600000| Untracked 
|  65|0x0000000710700000, 0x0000000710700000, 0x0000000710800000|  0%| F|  |TAMS 0x0000000710700000, 0x0000000710700000| Untracked 
|  66|0x0000000710800000, 0x0000000710800000, 0x0000000710900000|  0%| F|  |TAMS 0x0000000710800000, 0x0000000710800000| Untracked 
|  67|0x0000000710900000, 0x0000000710900000, 0x0000000710a00000|  0%| F|  |TAMS 0x0000000710900000, 0x0000000710900000| Untracked 
|  68|0x0000000710a00000, 0x0000000710a00000, 0x0000000710b00000|  0%| F|  |TAMS 0x0000000710a00000, 0x0000000710a00000| Untracked 
|  69|0x0000000710b00000, 0x0000000710b00000, 0x0000000710c00000|  0%| F|  |TAMS 0x0000000710b00000, 0x0000000710b00000| Untracked 
|  70|0x0000000710c00000, 0x0000000710c00000, 0x0000000710d00000|  0%| F|  |TAMS 0x0000000710c00000, 0x0000000710c00000| Untracked 
|  71|0x0000000710d00000, 0x0000000710d00000, 0x0000000710e00000|  0%| F|  |TAMS 0x0000000710d00000, 0x0000000710d00000| Untracked 
|  72|0x0000000710e00000, 0x0000000710e00000, 0x0000000710f00000|  0%| F|  |TAMS 0x0000000710e00000, 0x0000000710e00000| Untracked 
|  73|0x0000000710f00000, 0x0000000710f00000, 0x0000000711000000|  0%| F|  |TAMS 0x0000000710f00000, 0x0000000710f00000| Untracked 
|  74|0x0000000711000000, 0x0000000711000000, 0x0000000711100000|  0%| F|  |TAMS 0x0000000711000000, 0x0000000711000000| Untracked 
|  75|0x0000000711100000, 0x0000000711100000, 0x0000000711200000|  0%| F|  |TAMS 0x0000000711100000, 0x0000000711100000| Untracked 
|  76|0x0000000711200000, 0x0000000711200000, 0x0000000711300000|  0%| F|  |TAMS 0x0000000711200000, 0x0000000711200000| Untracked 
|  77|0x0000000711300000, 0x0000000711300000, 0x0000000711400000|  0%| F|  |TAMS 0x0000000711300000, 0x0000000711300000| Untracked 
|  78|0x0000000711400000, 0x0000000711400000, 0x0000000711500000|  0%| F|  |TAMS 0x0000000711400000, 0x0000000711400000| Untracked 
|  79|0x0000000711500000, 0x0000000711500000, 0x0000000711600000|  0%| F|  |TAMS 0x0000000711500000, 0x0000000711500000| Untracked 
|  80|0x0000000711600000, 0x0000000711600000, 0x0000000711700000|  0%| F|  |TAMS 0x0000000711600000, 0x0000000711600000| Untracked 
|  81|0x0000000711700000, 0x0000000711700000, 0x0000000711800000|  0%| F|  |TAMS 0x0000000711700000, 0x0000000711700000| Untracked 
|  82|0x0000000711800000, 0x0000000711800000, 0x0000000711900000|  0%| F|  |TAMS 0x0000000711800000, 0x0000000711800000| Untracked 
|  83|0x0000000711900000, 0x0000000711900000, 0x0000000711a00000|  0%| F|  |TAMS 0x0000000711900000, 0x0000000711900000| Untracked 
|  84|0x0000000711a00000, 0x0000000711a00000, 0x0000000711b00000|  0%| F|  |TAMS 0x0000000711a00000, 0x0000000711a00000| Untracked 
|  85|0x0000000711b00000, 0x0000000711b00000, 0x0000000711c00000|  0%| F|  |TAMS 0x0000000711b00000, 0x0000000711b00000| Untracked 
|  86|0x0000000711c00000, 0x0000000711c00000, 0x0000000711d00000|  0%| F|  |TAMS 0x0000000711c00000, 0x0000000711c00000| Untracked 
|  87|0x0000000711d00000, 0x0000000711d00000, 0x0000000711e00000|  0%| F|  |TAMS 0x0000000711d00000, 0x0000000711d00000| Untracked 
|  88|0x0000000711e00000, 0x0000000711e00000, 0x0000000711f00000|  0%| F|  |TAMS 0x0000000711e00000, 0x0000000711e00000| Untracked 
|  89|0x0000000711f00000, 0x0000000711f00000, 0x0000000712000000|  0%| F|  |TAMS 0x0000000711f00000, 0x0000000711f00000| Untracked 
|  90|0x0000000712000000, 0x0000000712000000, 0x0000000712100000|  0%| F|  |TAMS 0x0000000712000000, 0x0000000712000000| Untracked 
|  91|0x0000000712100000, 0x0000000712100000, 0x0000000712200000|  0%| F|  |TAMS 0x0000000712100000, 0x0000000712100000| Untracked 
|  92|0x0000000712200000, 0x0000000712200000, 0x0000000712300000|  0%| F|  |TAMS 0x0000000712200000, 0x0000000712200000| Untracked 
|  93|0x0000000712300000, 0x0000000712300000, 0x0000000712400000|  0%| F|  |TAMS 0x0000000712300000, 0x0000000712300000| Untracked 
|  94|0x0000000712400000, 0x0000000712400000, 0x0000000712500000|  0%| F|  |TAMS 0x0000000712400000, 0x0000000712400000| Untracked 
|  95|0x0000000712500000, 0x0000000712500000, 0x0000000712600000|  0%| F|  |TAMS 0x0000000712500000, 0x0000000712500000| Untracked 
|  96|0x0000000712600000, 0x0000000712600000, 0x0000000712700000|  0%| F|  |TAMS 0x0000000712600000, 0x0000000712600000| Untracked 
|  97|0x0000000712700000, 0x0000000712700000, 0x0000000712800000|  0%| F|  |TAMS 0x0000000712700000, 0x0000000712700000| Untracked 
|  98|0x0000000712800000, 0x0000000712800000, 0x0000000712900000|  0%| F|  |TAMS 0x0000000712800000, 0x0000000712800000| Untracked 
|  99|0x0000000712900000, 0x0000000712900000, 0x0000000712a00000|  0%| F|  |TAMS 0x0000000712900000, 0x0000000712900000| Untracked 
| 100|0x0000000712a00000, 0x0000000712a00000, 0x0000000712b00000|  0%| F|  |TAMS 0x0000000712a00000, 0x0000000712a00000| Untracked 
| 101|0x0000000712b00000, 0x0000000712b00000, 0x0000000712c00000|  0%| F|  |TAMS 0x0000000712b00000, 0x0000000712b00000| Untracked 
| 102|0x0000000712c00000, 0x0000000712c00000, 0x0000000712d00000|  0%| F|  |TAMS 0x0000000712c00000, 0x0000000712c00000| Untracked 
| 103|0x0000000712d00000, 0x0000000712d00000, 0x0000000712e00000|  0%| F|  |TAMS 0x0000000712d00000, 0x0000000712d00000| Untracked 
| 104|0x0000000712e00000, 0x0000000712e00000, 0x0000000712f00000|  0%| F|  |TAMS 0x0000000712e00000, 0x0000000712e00000| Untracked 
| 105|0x0000000712f00000, 0x0000000712f00000, 0x0000000713000000|  0%| F|  |TAMS 0x0000000712f00000, 0x0000000712f00000| Untracked 
| 106|0x0000000713000000, 0x0000000713000000, 0x0000000713100000|  0%| F|  |TAMS 0x0000000713000000, 0x0000000713000000| Untracked 
| 107|0x0000000713100000, 0x0000000713100000, 0x0000000713200000|  0%| F|  |TAMS 0x0000000713100000, 0x0000000713100000| Untracked 
| 108|0x0000000713200000, 0x0000000713200000, 0x0000000713300000|  0%| F|  |TAMS 0x0000000713200000, 0x0000000713200000| Untracked 
| 109|0x0000000713300000, 0x0000000713300000, 0x0000000713400000|  0%| F|  |TAMS 0x0000000713300000, 0x0000000713300000| Untracked 
| 110|0x0000000713400000, 0x0000000713400000, 0x0000000713500000|  0%| F|  |TAMS 0x0000000713400000, 0x0000000713400000| Untracked 
| 111|0x0000000713500000, 0x0000000713500000, 0x0000000713600000|  0%| F|  |TAMS 0x0000000713500000, 0x0000000713500000| Untracked 
| 112|0x0000000713600000, 0x0000000713600000, 0x0000000713700000|  0%| F|  |TAMS 0x0000000713600000, 0x0000000713600000| Untracked 
| 113|0x0000000713700000, 0x0000000713700000, 0x0000000713800000|  0%| F|  |TAMS 0x0000000713700000, 0x0000000713700000| Untracked 
| 114|0x0000000713800000, 0x0000000713800000, 0x0000000713900000|  0%| F|  |TAMS 0x0000000713800000, 0x0000000713800000| Untracked 
| 115|0x0000000713900000, 0x0000000713900000, 0x0000000713a00000|  0%| F|  |TAMS 0x0000000713900000, 0x0000000713900000| Untracked 
| 116|0x0000000713a00000, 0x0000000713a00000, 0x0000000713b00000|  0%| F|  |TAMS 0x0000000713a00000, 0x0000000713a00000| Untracked 
| 117|0x0000000713b00000, 0x0000000713b00000, 0x0000000713c00000|  0%| F|  |TAMS 0x0000000713b00000, 0x0000000713b00000| Untracked 
| 118|0x0000000713c00000, 0x0000000713c00000, 0x0000000713d00000|  0%| F|  |TAMS 0x0000000713c00000, 0x0000000713c00000| Untracked 
| 119|0x0000000713d00000, 0x0000000713d00000, 0x0000000713e00000|  0%| F|  |TAMS 0x0000000713d00000, 0x0000000713d00000| Untracked 
| 120|0x0000000713e00000, 0x0000000713e00000, 0x0000000713f00000|  0%| F|  |TAMS 0x0000000713e00000, 0x0000000713e00000| Untracked 
| 121|0x0000000713f00000, 0x0000000713f00000, 0x0000000714000000|  0%| F|  |TAMS 0x0000000713f00000, 0x0000000713f00000| Untracked 
| 122|0x0000000714000000, 0x0000000714000000, 0x0000000714100000|  0%| F|  |TAMS 0x0000000714000000, 0x0000000714000000| Untracked 
| 123|0x0000000714100000, 0x0000000714100000, 0x0000000714200000|  0%| F|  |TAMS 0x0000000714100000, 0x0000000714100000| Untracked 
| 124|0x0000000714200000, 0x0000000714200000, 0x0000000714300000|  0%| F|  |TAMS 0x0000000714200000, 0x0000000714200000| Untracked 
| 125|0x0000000714300000, 0x0000000714300000, 0x0000000714400000|  0%| F|  |TAMS 0x0000000714300000, 0x0000000714300000| Untracked 
| 126|0x0000000714400000, 0x0000000714400000, 0x0000000714500000|  0%| F|  |TAMS 0x0000000714400000, 0x0000000714400000| Untracked 
| 127|0x0000000714500000, 0x0000000714500000, 0x0000000714600000|  0%| F|  |TAMS 0x0000000714500000, 0x0000000714500000| Untracked 
| 128|0x0000000714600000, 0x0000000714600000, 0x0000000714700000|  0%| F|  |TAMS 0x0000000714600000, 0x0000000714600000| Untracked 
| 129|0x0000000714700000, 0x0000000714700000, 0x0000000714800000|  0%| F|  |TAMS 0x0000000714700000, 0x0000000714700000| Untracked 
| 130|0x0000000714800000, 0x0000000714800000, 0x0000000714900000|  0%| F|  |TAMS 0x0000000714800000, 0x0000000714800000| Untracked 
| 131|0x0000000714900000, 0x0000000714900000, 0x0000000714a00000|  0%| F|  |TAMS 0x0000000714900000, 0x0000000714900000| Untracked 
| 132|0x0000000714a00000, 0x0000000714a00000, 0x0000000714b00000|  0%| F|  |TAMS 0x0000000714a00000, 0x0000000714a00000| Untracked 
| 133|0x0000000714b00000, 0x0000000714b00000, 0x0000000714c00000|  0%| F|  |TAMS 0x0000000714b00000, 0x0000000714b00000| Untracked 
| 134|0x0000000714c00000, 0x0000000714c00000, 0x0000000714d00000|  0%| F|  |TAMS 0x0000000714c00000, 0x0000000714c00000| Untracked 
| 135|0x0000000714d00000, 0x0000000714d00000, 0x0000000714e00000|  0%| F|  |TAMS 0x0000000714d00000, 0x0000000714d00000| Untracked 
| 136|0x0000000714e00000, 0x0000000714e00000, 0x0000000714f00000|  0%| F|  |TAMS 0x0000000714e00000, 0x0000000714e00000| Untracked 
| 137|0x0000000714f00000, 0x0000000714f00000, 0x0000000715000000|  0%| F|  |TAMS 0x0000000714f00000, 0x0000000714f00000| Untracked 
| 138|0x0000000715000000, 0x0000000715000000, 0x0000000715100000|  0%| F|  |TAMS 0x0000000715000000, 0x0000000715000000| Untracked 
| 139|0x0000000715100000, 0x0000000715100000, 0x0000000715200000|  0%| F|  |TAMS 0x0000000715100000, 0x0000000715100000| Untracked 
| 140|0x0000000715200000, 0x0000000715200000, 0x0000000715300000|  0%| F|  |TAMS 0x0000000715200000, 0x0000000715200000| Untracked 
| 141|0x0000000715300000, 0x0000000715300000, 0x0000000715400000|  0%| F|  |TAMS 0x0000000715300000, 0x0000000715300000| Untracked 
| 142|0x0000000715400000, 0x0000000715400000, 0x0000000715500000|  0%| F|  |TAMS 0x0000000715400000, 0x0000000715400000| Untracked 
| 143|0x0000000715500000, 0x0000000715500000, 0x0000000715600000|  0%| F|  |TAMS 0x0000000715500000, 0x0000000715500000| Untracked 
| 144|0x0000000715600000, 0x0000000715600000, 0x0000000715700000|  0%| F|  |TAMS 0x0000000715600000, 0x0000000715600000| Untracked 
| 145|0x0000000715700000, 0x0000000715700000, 0x0000000715800000|  0%| F|  |TAMS 0x0000000715700000, 0x0000000715700000| Untracked 
| 146|0x0000000715800000, 0x0000000715800000, 0x0000000715900000|  0%| F|  |TAMS 0x0000000715800000, 0x0000000715800000| Untracked 
| 147|0x0000000715900000, 0x0000000715900000, 0x0000000715a00000|  0%| F|  |TAMS 0x0000000715900000, 0x0000000715900000| Untracked 
| 148|0x0000000715a00000, 0x0000000715a00000, 0x0000000715b00000|  0%| F|  |TAMS 0x0000000715a00000, 0x0000000715a00000| Untracked 
| 149|0x0000000715b00000, 0x0000000715b00000, 0x0000000715c00000|  0%| F|  |TAMS 0x0000000715b00000, 0x0000000715b00000| Untracked 
| 150|0x0000000715c00000, 0x0000000715c00000, 0x0000000715d00000|  0%| F|  |TAMS 0x0000000715c00000, 0x0000000715c00000| Untracked 
| 151|0x0000000715d00000, 0x0000000715d00000, 0x0000000715e00000|  0%| F|  |TAMS 0x0000000715d00000, 0x0000000715d00000| Untracked 
| 152|0x0000000715e00000, 0x0000000715e00000, 0x0000000715f00000|  0%| F|  |TAMS 0x0000000715e00000, 0x0000000715e00000| Untracked 
| 153|0x0000000715f00000, 0x0000000715f00000, 0x0000000716000000|  0%| F|  |TAMS 0x0000000715f00000, 0x0000000715f00000| Untracked 
| 154|0x0000000716000000, 0x0000000716000000, 0x0000000716100000|  0%| F|  |TAMS 0x0000000716000000, 0x0000000716000000| Untracked 
| 155|0x0000000716100000, 0x0000000716100000, 0x0000000716200000|  0%| F|  |TAMS 0x0000000716100000, 0x0000000716100000| Untracked 
| 156|0x0000000716200000, 0x0000000716200000, 0x0000000716300000|  0%| F|  |TAMS 0x0000000716200000, 0x0000000716200000| Untracked 
| 157|0x0000000716300000, 0x0000000716300000, 0x0000000716400000|  0%| F|  |TAMS 0x0000000716300000, 0x0000000716300000| Untracked 
| 158|0x0000000716400000, 0x0000000716400000, 0x0000000716500000|  0%| F|  |TAMS 0x0000000716400000, 0x0000000716400000| Untracked 
| 159|0x0000000716500000, 0x0000000716500000, 0x0000000716600000|  0%| F|  |TAMS 0x0000000716500000, 0x0000000716500000| Untracked 
| 160|0x0000000716600000, 0x0000000716600000, 0x0000000716700000|  0%| F|  |TAMS 0x0000000716600000, 0x0000000716600000| Untracked 
| 161|0x0000000716700000, 0x0000000716700000, 0x0000000716800000|  0%| F|  |TAMS 0x0000000716700000, 0x0000000716700000| Untracked 
| 162|0x0000000716800000, 0x0000000716800000, 0x0000000716900000|  0%| F|  |TAMS 0x0000000716800000, 0x0000000716800000| Untracked 
| 163|0x0000000716900000, 0x0000000716900000, 0x0000000716a00000|  0%| F|  |TAMS 0x0000000716900000, 0x0000000716900000| Untracked 
| 164|0x0000000716a00000, 0x0000000716a00000, 0x0000000716b00000|  0%| F|  |TAMS 0x0000000716a00000, 0x0000000716a00000| Untracked 
| 165|0x0000000716b00000, 0x0000000716b00000, 0x0000000716c00000|  0%| F|  |TAMS 0x0000000716b00000, 0x0000000716b00000| Untracked 
| 166|0x0000000716c00000, 0x0000000716c00000, 0x0000000716d00000|  0%| F|  |TAMS 0x0000000716c00000, 0x0000000716c00000| Untracked 
| 167|0x0000000716d00000, 0x0000000716d00000, 0x0000000716e00000|  0%| F|  |TAMS 0x0000000716d00000, 0x0000000716d00000| Untracked 
| 168|0x0000000716e00000, 0x0000000716e00000, 0x0000000716f00000|  0%| F|  |TAMS 0x0000000716e00000, 0x0000000716e00000| Untracked 
| 169|0x0000000716f00000, 0x0000000716f00000, 0x0000000717000000|  0%| F|  |TAMS 0x0000000716f00000, 0x0000000716f00000| Untracked 
| 170|0x0000000717000000, 0x0000000717000000, 0x0000000717100000|  0%| F|  |TAMS 0x0000000717000000, 0x0000000717000000| Untracked 
| 171|0x0000000717100000, 0x0000000717100000, 0x0000000717200000|  0%| F|  |TAMS 0x0000000717100000, 0x0000000717100000| Untracked 
| 172|0x0000000717200000, 0x0000000717200000, 0x0000000717300000|  0%| F|  |TAMS 0x0000000717200000, 0x0000000717200000| Untracked 
| 173|0x0000000717300000, 0x0000000717300000, 0x0000000717400000|  0%| F|  |TAMS 0x0000000717300000, 0x0000000717300000| Untracked 
| 174|0x0000000717400000, 0x0000000717400000, 0x0000000717500000|  0%| F|  |TAMS 0x0000000717400000, 0x0000000717400000| Untracked 
| 175|0x0000000717500000, 0x0000000717500000, 0x0000000717600000|  0%| F|  |TAMS 0x0000000717500000, 0x0000000717500000| Untracked 
| 176|0x0000000717600000, 0x0000000717600000, 0x0000000717700000|  0%| F|  |TAMS 0x0000000717600000, 0x0000000717600000| Untracked 
| 177|0x0000000717700000, 0x0000000717700000, 0x0000000717800000|  0%| F|  |TAMS 0x0000000717700000, 0x0000000717700000| Untracked 
| 178|0x0000000717800000, 0x0000000717800000, 0x0000000717900000|  0%| F|  |TAMS 0x0000000717800000, 0x0000000717800000| Untracked 
| 179|0x0000000717900000, 0x0000000717900000, 0x0000000717a00000|  0%| F|  |TAMS 0x0000000717900000, 0x0000000717900000| Untracked 
| 180|0x0000000717a00000, 0x0000000717a00000, 0x0000000717b00000|  0%| F|  |TAMS 0x0000000717a00000, 0x0000000717a00000| Untracked 
| 181|0x0000000717b00000, 0x0000000717b00000, 0x0000000717c00000|  0%| F|  |TAMS 0x0000000717b00000, 0x0000000717b00000| Untracked 
| 182|0x0000000717c00000, 0x0000000717c00000, 0x0000000717d00000|  0%| F|  |TAMS 0x0000000717c00000, 0x0000000717c00000| Untracked 
| 183|0x0000000717d00000, 0x0000000717d00000, 0x0000000717e00000|  0%| F|  |TAMS 0x0000000717d00000, 0x0000000717d00000| Untracked 
| 184|0x0000000717e00000, 0x0000000717e00000, 0x0000000717f00000|  0%| F|  |TAMS 0x0000000717e00000, 0x0000000717e00000| Untracked 
| 185|0x0000000717f00000, 0x0000000717f00000, 0x0000000718000000|  0%| F|  |TAMS 0x0000000717f00000, 0x0000000717f00000| Untracked 
| 186|0x0000000718000000, 0x0000000718000000, 0x0000000718100000|  0%| F|  |TAMS 0x0000000718000000, 0x0000000718000000| Untracked 
| 187|0x0000000718100000, 0x0000000718100000, 0x0000000718200000|  0%| F|  |TAMS 0x0000000718100000, 0x0000000718100000| Untracked 
| 188|0x0000000718200000, 0x0000000718200000, 0x0000000718300000|  0%| F|  |TAMS 0x0000000718200000, 0x0000000718200000| Untracked 
| 189|0x0000000718300000, 0x0000000718300000, 0x0000000718400000|  0%| F|  |TAMS 0x0000000718300000, 0x0000000718300000| Untracked 
| 190|0x0000000718400000, 0x0000000718400000, 0x0000000718500000|  0%| F|  |TAMS 0x0000000718400000, 0x0000000718400000| Untracked 
| 191|0x0000000718500000, 0x0000000718500000, 0x0000000718600000|  0%| F|  |TAMS 0x0000000718500000, 0x0000000718500000| Untracked 
| 192|0x0000000718600000, 0x0000000718600000, 0x0000000718700000|  0%| F|  |TAMS 0x0000000718600000, 0x0000000718600000| Untracked 
| 193|0x0000000718700000, 0x0000000718700000, 0x0000000718800000|  0%| F|  |TAMS 0x0000000718700000, 0x0000000718700000| Untracked 
| 194|0x0000000718800000, 0x0000000718800000, 0x0000000718900000|  0%| F|  |TAMS 0x0000000718800000, 0x0000000718800000| Untracked 
| 195|0x0000000718900000, 0x0000000718900000, 0x0000000718a00000|  0%| F|  |TAMS 0x0000000718900000, 0x0000000718900000| Untracked 
| 196|0x0000000718a00000, 0x0000000718a00000, 0x0000000718b00000|  0%| F|  |TAMS 0x0000000718a00000, 0x0000000718a00000| Untracked 
| 197|0x0000000718b00000, 0x0000000718b00000, 0x0000000718c00000|  0%| F|  |TAMS 0x0000000718b00000, 0x0000000718b00000| Untracked 
| 198|0x0000000718c00000, 0x0000000718c00000, 0x0000000718d00000|  0%| F|  |TAMS 0x0000000718c00000, 0x0000000718c00000| Untracked 
| 199|0x0000000718d00000, 0x0000000718d00000, 0x0000000718e00000|  0%| F|  |TAMS 0x0000000718d00000, 0x0000000718d00000| Untracked 
| 200|0x0000000718e00000, 0x0000000718e00000, 0x0000000718f00000|  0%| F|  |TAMS 0x0000000718e00000, 0x0000000718e00000| Untracked 
| 201|0x0000000718f00000, 0x0000000718f00000, 0x0000000719000000|  0%| F|  |TAMS 0x0000000718f00000, 0x0000000718f00000| Untracked 
| 202|0x0000000719000000, 0x0000000719000000, 0x0000000719100000|  0%| F|  |TAMS 0x0000000719000000, 0x0000000719000000| Untracked 
| 203|0x0000000719100000, 0x0000000719100000, 0x0000000719200000|  0%| F|  |TAMS 0x0000000719100000, 0x0000000719100000| Untracked 
| 204|0x0000000719200000, 0x0000000719200000, 0x0000000719300000|  0%| F|  |TAMS 0x0000000719200000, 0x0000000719200000| Untracked 
| 205|0x0000000719300000, 0x0000000719300000, 0x0000000719400000|  0%| F|  |TAMS 0x0000000719300000, 0x0000000719300000| Untracked 
| 206|0x0000000719400000, 0x0000000719400000, 0x0000000719500000|  0%| F|  |TAMS 0x0000000719400000, 0x0000000719400000| Untracked 
| 207|0x0000000719500000, 0x0000000719500000, 0x0000000719600000|  0%| F|  |TAMS 0x0000000719500000, 0x0000000719500000| Untracked 
| 208|0x0000000719600000, 0x0000000719600000, 0x0000000719700000|  0%| F|  |TAMS 0x0000000719600000, 0x0000000719600000| Untracked 
| 209|0x0000000719700000, 0x0000000719700000, 0x0000000719800000|  0%| F|  |TAMS 0x0000000719700000, 0x0000000719700000| Untracked 
| 210|0x0000000719800000, 0x0000000719800000, 0x0000000719900000|  0%| F|  |TAMS 0x0000000719800000, 0x0000000719800000| Untracked 
| 211|0x0000000719900000, 0x0000000719900000, 0x0000000719a00000|  0%| F|  |TAMS 0x0000000719900000, 0x0000000719900000| Untracked 
| 212|0x0000000719a00000, 0x0000000719a00000, 0x0000000719b00000|  0%| F|  |TAMS 0x0000000719a00000, 0x0000000719a00000| Untracked 
| 213|0x0000000719b00000, 0x0000000719b00000, 0x0000000719c00000|  0%| F|  |TAMS 0x0000000719b00000, 0x0000000719b00000| Untracked 
| 214|0x0000000719c00000, 0x0000000719c00000, 0x0000000719d00000|  0%| F|  |TAMS 0x0000000719c00000, 0x0000000719c00000| Untracked 
| 215|0x0000000719d00000, 0x0000000719d00000, 0x0000000719e00000|  0%| F|  |TAMS 0x0000000719d00000, 0x0000000719d00000| Untracked 
| 216|0x0000000719e00000, 0x0000000719e00000, 0x0000000719f00000|  0%| F|  |TAMS 0x0000000719e00000, 0x0000000719e00000| Untracked 
| 217|0x0000000719f00000, 0x0000000719f00000, 0x000000071a000000|  0%| F|  |TAMS 0x0000000719f00000, 0x0000000719f00000| Untracked 
| 218|0x000000071a000000, 0x000000071a000000, 0x000000071a100000|  0%| F|  |TAMS 0x000000071a000000, 0x000000071a000000| Untracked 
| 219|0x000000071a100000, 0x000000071a100000, 0x000000071a200000|  0%| F|  |TAMS 0x000000071a100000, 0x000000071a100000| Untracked 
| 220|0x000000071a200000, 0x000000071a200000, 0x000000071a300000|  0%| F|  |TAMS 0x000000071a200000, 0x000000071a200000| Untracked 
| 221|0x000000071a300000, 0x000000071a300000, 0x000000071a400000|  0%| F|  |TAMS 0x000000071a300000, 0x000000071a300000| Untracked 
| 222|0x000000071a400000, 0x000000071a400000, 0x000000071a500000|  0%| F|  |TAMS 0x000000071a400000, 0x000000071a400000| Untracked 
| 223|0x000000071a500000, 0x000000071a500000, 0x000000071a600000|  0%| F|  |TAMS 0x000000071a500000, 0x000000071a500000| Untracked 
| 224|0x000000071a600000, 0x000000071a600000, 0x000000071a700000|  0%| F|  |TAMS 0x000000071a600000, 0x000000071a600000| Untracked 
| 225|0x000000071a700000, 0x000000071a700000, 0x000000071a800000|  0%| F|  |TAMS 0x000000071a700000, 0x000000071a700000| Untracked 
| 226|0x000000071a800000, 0x000000071a800000, 0x000000071a900000|  0%| F|  |TAMS 0x000000071a800000, 0x000000071a800000| Untracked 
| 227|0x000000071a900000, 0x000000071a900000, 0x000000071aa00000|  0%| F|  |TAMS 0x000000071a900000, 0x000000071a900000| Untracked 
| 228|0x000000071aa00000, 0x000000071aa00000, 0x000000071ab00000|  0%| F|  |TAMS 0x000000071aa00000, 0x000000071aa00000| Untracked 
| 229|0x000000071ab00000, 0x000000071ab00000, 0x000000071ac00000|  0%| F|  |TAMS 0x000000071ab00000, 0x000000071ab00000| Untracked 
| 230|0x000000071ac00000, 0x000000071ac00000, 0x000000071ad00000|  0%| F|  |TAMS 0x000000071ac00000, 0x000000071ac00000| Untracked 
| 231|0x000000071ad00000, 0x000000071ad00000, 0x000000071ae00000|  0%| F|  |TAMS 0x000000071ad00000, 0x000000071ad00000| Untracked 
| 232|0x000000071ae00000, 0x000000071ae00000, 0x000000071af00000|  0%| F|  |TAMS 0x000000071ae00000, 0x000000071ae00000| Untracked 
| 233|0x000000071af00000, 0x000000071af00000, 0x000000071b000000|  0%| F|  |TAMS 0x000000071af00000, 0x000000071af00000| Untracked 
| 234|0x000000071b000000, 0x000000071b000000, 0x000000071b100000|  0%| F|  |TAMS 0x000000071b000000, 0x000000071b000000| Untracked 
| 235|0x000000071b100000, 0x000000071b100000, 0x000000071b200000|  0%| F|  |TAMS 0x000000071b100000, 0x000000071b100000| Untracked 
| 236|0x000000071b200000, 0x000000071b27b650, 0x000000071b300000| 48%| E|  |TAMS 0x000000071b200000, 0x000000071b200000| Complete 
| 237|0x000000071b300000, 0x000000071b400000, 0x000000071b400000|100%| E|CS|TAMS 0x000000071b300000, 0x000000071b300000| Complete 
| 238|0x000000071b400000, 0x000000071b500000, 0x000000071b500000|100%| E|CS|TAMS 0x000000071b400000, 0x000000071b400000| Complete 
| 239|0x000000071b500000, 0x000000071b600000, 0x000000071b600000|100%| E|CS|TAMS 0x000000071b500000, 0x000000071b500000| Complete 
| 240|0x000000071b600000, 0x000000071b700000, 0x000000071b700000|100%| E|CS|TAMS 0x000000071b600000, 0x000000071b600000| Complete 
| 241|0x000000071b700000, 0x000000071b800000, 0x000000071b800000|100%| E|CS|TAMS 0x000000071b700000, 0x000000071b700000| Complete 
| 242|0x000000071b800000, 0x000000071b900000, 0x000000071b900000|100%| E|CS|TAMS 0x000000071b800000, 0x000000071b800000| Complete 
| 243|0x000000071b900000, 0x000000071ba00000, 0x000000071ba00000|100%| E|CS|TAMS 0x000000071b900000, 0x000000071b900000| Complete 

Card table byte_map: [0x00000204ebbf0000,0x00000204ec390000] _byte_map_base: 0x00000204e838d000

Marking Bits (Prev, Next): (CMBitMap*) 0x00000204d261f5b8, (CMBitMap*) 0x00000204d261f5f0
 Prev Bits: [0x00000204ecb30000, 0x00000204f0818000)
 Next Bits: [0x00000204f0820000, 0x00000204f4508000)

Polling page: 0x00000204d2690000

Metaspace:

Usage:
  Non-class:      8.51 MB capacity,     8.41 MB ( 99%) used,    91.88 KB (  1%) free+waste,    11.31 KB ( <1%) overhead. 
      Class:    977.00 KB capacity,   904.62 KB ( 93%) used,    66.88 KB (  7%) free+waste,     5.50 KB ( <1%) overhead. 
       Both:      9.47 MB capacity,     9.29 MB ( 98%) used,   158.75 KB (  2%) free+waste,    16.81 KB ( <1%) overhead. 

Virtual space:
  Non-class space:       10.00 MB reserved,       8.75 MB ( 88%) committed 
      Class space:        1.00 GB reserved,       1.00 MB ( <1%) committed 
             Both:        1.01 GB reserved,       9.75 MB ( <1%) committed 

Chunk freelists:
   Non-Class:  6.50 KB
       Class:  1.88 KB
        Both:  8.38 KB

CodeHeap 'non-profiled nmethods': size=119168Kb used=159Kb max_used=159Kb free=119008Kb
 bounds [0x00000204e3020000, 0x00000204e3290000, 0x00000204ea480000]
CodeHeap 'profiled nmethods': size=119168Kb used=995Kb max_used=995Kb free=118172Kb
 bounds [0x00000204dbbc0000, 0x00000204dbe30000, 0x00000204e3020000]
CodeHeap 'non-nmethods': size=7424Kb used=2224Kb max_used=2792Kb free=5199Kb
 bounds [0x00000204db480000, 0x00000204db740000, 0x00000204dbbc0000]
 total_blobs=1034 nmethods=648 adapters=296
 compilation: enabled
              stopped_count=0, restarted_count=0
 full_count=0

Compilation events (10 events):
Event: 0.719 Thread 0x00000204f80f7800  643       3       java.lang.StringUTF16::putChar (54 bytes)
Event: 0.719 Thread 0x00000204f80f7800 nmethod 643 0x00000204dbcb7e90 code [0x00000204dbcb8020, 0x00000204dbcb8158]
Event: 0.758 Thread 0x00000204f7659800  644       3       java.util.Formatter$Flags::contains (22 bytes)
Event: 0.758 Thread 0x00000204f80fc800  645       3       java.util.regex.Matcher::groupCount (10 bytes)
Event: 0.758 Thread 0x00000204f80fc800 nmethod 645 0x00000204dbcb8290 code [0x00000204dbcb8420, 0x00000204dbcb8538]
Event: 0.758 Thread 0x00000204f7659800 nmethod 644 0x00000204dbcb8610 code [0x00000204dbcb87c0, 0x00000204dbcb8978]
Event: 0.782 Thread 0x00000204f80f7800  646       1       java.lang.Integer::intValue (5 bytes)
Event: 0.782 Thread 0x00000204f80f7800 nmethod 646 0x00000204e3047790 code [0x00000204e3047920, 0x00000204e30479d8]
Event: 0.782 Thread 0x00000204f7659800  648       3       java.io.FileDescriptor$1::getAppend (5 bytes)
Event: 0.782 Thread 0x00000204f7659800 nmethod 648 0x00000204dbcb8a10 code [0x00000204dbcb8ba0, 0x00000204dbcb8cb8]

GC Heap History (0 events):
No events

Deoptimization events (8 events):
Event: 0.073 Thread 0x00000204d25bf800 Uncommon trap: reason=unstable_if action=reinterpret pc=0x00000204e30242d8 method=java.lang.String.isLatin1()Z @ 10 c2
Event: 0.104 Thread 0x00000204d25bf800 Uncommon trap: reason=bimorphic_or_optimized_type_check action=maybe_recompile pc=0x00000204e3029c94 method=java.util.AbstractCollection.isEmpty()Z @ 1 c2
Event: 0.104 Thread 0x00000204d25bf800 Uncommon trap: reason=bimorphic_or_optimized_type_check action=maybe_recompile pc=0x00000204e3029c94 method=java.util.AbstractCollection.isEmpty()Z @ 1 c2
Event: 0.105 Thread 0x00000204d25bf800 Uncommon trap: reason=bimorphic_or_optimized_type_check action=maybe_recompile pc=0x00000204e3029c94 method=java.util.AbstractCollection.isEmpty()Z @ 1 c2
Event: 0.105 Thread 0x00000204d25bf800 Uncommon trap: reason=bimorphic_or_optimized_type_check action=maybe_recompile pc=0x00000204e3029c94 method=java.util.AbstractCollection.isEmpty()Z @ 1 c2
Event: 0.125 Thread 0x00000204d25bf800 Uncommon trap: reason=unstable_if action=reinterpret pc=0x00000204e302db60 method=java.util.HashMap.putVal(ILjava/lang/Object;Ljava/lang/Object;ZZ)Ljava/lang/Object; @ 181 c2
Event: 0.661 Thread 0x00000204d25bf800 Uncommon trap: reason=unstable_if action=reinterpret pc=0x00000204e302992c method=java.lang.String.equals(Ljava/lang/Object;)Z @ 27 c2
Event: 0.661 Thread 0x00000204d25bf800 Uncommon trap: reason=unstable_if action=reinterpret pc=0x00000204e3025af4 method=java.lang.String.isLatin1()Z @ 10 c2

Classes redefined (0 events):
No events

Internal exceptions (6 events):
Event: 0.123 Thread 0x00000204d25bf800 Exception <a 'java/lang/NoSuchMethodError'{0x000000071b43ae88}: java.lang.invoke.DirectMethodHandle$Holder.invokeStaticInit(Ljava/lang/Object;Ljava/lang/Object;)V> (0x000000071b43ae88) thrown at [./open/src/hotspot/share/interpreter/linkResolver.cpp, line
Event: 0.127 Thread 0x00000204d25bf800 Exception <a 'java/lang/NoSuchMethodError'{0x000000071b466f28}: java.lang.invoke.DirectMethodHandle$Holder.invokeStaticInit(Ljava/lang/Object;IIII)Ljava/lang/Object;> (0x000000071b466f28) thrown at [./open/src/hotspot/share/interpreter/linkResolver.cpp, l
Event: 0.662 Thread 0x00000204d25bf800 Exception <a 'java/lang/NoSuchMethodError'{0x000000071b4c7f18}: java.lang.invoke.DirectMethodHandle$Holder.invokeStaticInit(Ljava/lang/Object;Ljava/lang/Object;IIII)Ljava/lang/Object;> (0x000000071b4c7f18) thrown at [./open/src/hotspot/share/interpreter/l
Event: 0.679 Thread 0x00000204d25bf800 Exception <a 'java/lang/UnsatisfiedLinkError'{0x000000071b351758}: 找不到指定的模块。
> (0x000000071b351758) thrown at [./open/src/hotspot/share/prims/jni.cpp, line 632]
Event: 0.680 Thread 0x00000204d25bf800 Exception <a 'java/lang/UnsatisfiedLinkError'{0x000000071b351f98}: 找不到指定的模块。
> (0x000000071b351f98) thrown at [./open/src/hotspot/share/prims/jni.cpp, line 632]
Event: 0.681 Thread 0x00000204d25bf800 Exception <a 'java/lang/UnsatisfiedLinkError'{0x000000071b3526f8}: 找不到指定的模块。
> (0x000000071b3526f8) thrown at [./open/src/hotspot/share/prims/jni.cpp, line 632]

Events (10 events):
Event: 0.719 loading class java/util/Formatter$Conversion
Event: 0.719 loading class java/util/Formatter$Conversion done
Event: 0.719 loading class java/util/Formattable
Event: 0.719 loading class java/util/Formattable done
Event: 0.757 loading class com/xd/library/SkylineLibrary$Structures$skyline_data
Event: 0.757 loading class com/xd/library/SkylineLibrary$Structures$skyline_data done
Event: 0.781 loading class com/sun/jna/Function$PostCallRead
Event: 0.781 loading class com/sun/jna/Function$PostCallRead done
Event: 0.782 loading class com/xd/library/SkylineLibrary$Structures$skyline_data
Event: 0.782 loading class com/xd/library/SkylineLibrary$Structures$skyline_data done


Dynamic libraries:
0x00007ff672120000 - 0x00007ff672130000 	C:\Program Files\Java\jdk-11\bin\java.exe
0x00007fff5e990000 - 0x00007fff5eba4000 	C:\WINDOWS\SYSTEM32\ntdll.dll
0x00007fff5dcd0000 - 0x00007fff5dd93000 	C:\WINDOWS\System32\KERNEL32.DLL
0x00007fff5c3e0000 - 0x00007fff5c77d000 	C:\WINDOWS\System32\KERNELBASE.dll
0x00007fff5c0f0000 - 0x00007fff5c201000 	C:\WINDOWS\System32\ucrtbase.dll
0x00007ffe7fd40000 - 0x00007ffe7fd59000 	C:\Program Files\Java\jdk-11\bin\jli.dll
0x00007ffe7fd20000 - 0x00007ffe7fd3b000 	C:\Program Files\Java\jdk-11\bin\VCRUNTIME140.dll
0x00007fff5cd60000 - 0x00007fff5ce0e000 	C:\WINDOWS\System32\ADVAPI32.dll
0x00007fff5e890000 - 0x00007fff5e937000 	C:\WINDOWS\System32\msvcrt.dll
0x00007fff5c9b0000 - 0x00007fff5ca54000 	C:\WINDOWS\System32\sechost.dll
0x00007fff5ce10000 - 0x00007fff5cf25000 	C:\WINDOWS\System32\RPCRT4.dll
0x00007fff5cad0000 - 0x00007fff5cc7d000 	C:\WINDOWS\System32\USER32.dll
0x00007fff5c0c0000 - 0x00007fff5c0e6000 	C:\WINDOWS\System32\win32u.dll
0x00007fff47e20000 - 0x00007fff480ae000 	C:\WINDOWS\WinSxS\amd64_microsoft.windows.common-controls_6595b64144ccf1df_6.0.22621.608_none_a9444ca7c10bb01d\COMCTL32.dll
0x00007fff5e7f0000 - 0x00007fff5e819000 	C:\WINDOWS\System32\GDI32.dll
0x00007fff5be30000 - 0x00007fff5bf42000 	C:\WINDOWS\System32\gdi32full.dll
0x00007fff5c280000 - 0x00007fff5c31a000 	C:\WINDOWS\System32\msvcp_win.dll
0x00007fff538f0000 - 0x00007fff538fa000 	C:\WINDOWS\SYSTEM32\VERSION.dll
0x00007fff5da30000 - 0x00007fff5da62000 	C:\WINDOWS\System32\IMM32.DLL
0x00007fff02810000 - 0x00007fff0281c000 	C:\Program Files\Java\jdk-11\bin\vcruntime140_1.dll
0x00007ffe7fc90000 - 0x00007ffe7fd1e000 	C:\Program Files\Java\jdk-11\bin\msvcp140.dll
0x00007ffe7f120000 - 0x00007ffe7fc8e000 	C:\Program Files\Java\jdk-11\bin\server\jvm.dll
0x00007fff5e880000 - 0x00007fff5e888000 	C:\WINDOWS\System32\PSAPI.DLL
0x00007fff532c0000 - 0x00007fff532c9000 	C:\WINDOWS\SYSTEM32\WSOCK32.dll
0x00007fff53660000 - 0x00007fff53694000 	C:\WINDOWS\SYSTEM32\WINMM.dll
0x00007fff5e770000 - 0x00007fff5e7e1000 	C:\WINDOWS\System32\WS2_32.dll
0x00007fff5af00000 - 0x00007fff5af18000 	C:\WINDOWS\SYSTEM32\kernel.appcore.dll
0x00007fff00650000 - 0x00007fff00660000 	C:\Program Files\Java\jdk-11\bin\verify.dll
0x00007fff59230000 - 0x00007fff5945e000 	C:\WINDOWS\SYSTEM32\DBGHELP.DLL
0x00007fff5dda0000 - 0x00007fff5e12a000 	C:\WINDOWS\System32\combase.dll
0x00007fff5cc80000 - 0x00007fff5cd57000 	C:\WINDOWS\System32\OLEAUT32.dll
0x00007fff4d2a0000 - 0x00007fff4d2d2000 	C:\WINDOWS\SYSTEM32\dbgcore.DLL
0x00007fff5bdb0000 - 0x00007fff5be2b000 	C:\WINDOWS\System32\bcryptPrimitives.dll
0x00007ffe7f0f0000 - 0x00007ffe7f118000 	C:\Program Files\Java\jdk-11\bin\java.dll
0x00007fff00290000 - 0x00007fff0029a000 	C:\Program Files\Java\jdk-11\bin\jimage.dll
0x00007fff56f30000 - 0x00007fff56f3e000 	C:\Program Files\Java\jdk-11\bin\instrument.dll
0x00007ffe7f0d0000 - 0x00007ffe7f0e7000 	C:\Program Files\Java\jdk-11\bin\zip.dll
0x00007fff5cf50000 - 0x00007fff5d73f000 	C:\WINDOWS\System32\SHELL32.dll
0x00007fff59de0000 - 0x00007fff5a6a8000 	C:\WINDOWS\SYSTEM32\windows.storage.dll
0x00007fff59ca0000 - 0x00007fff59dde000 	C:\WINDOWS\SYSTEM32\wintypes.dll
0x00007fff5e1f0000 - 0x00007fff5e2e1000 	C:\WINDOWS\System32\SHCORE.dll
0x00007fff5e820000 - 0x00007fff5e87e000 	C:\WINDOWS\System32\shlwapi.dll
0x00007fff5bce0000 - 0x00007fff5bd01000 	C:\WINDOWS\SYSTEM32\profapi.dll
0x00007ffe7f0b0000 - 0x00007ffe7f0c9000 	C:\Program Files\Java\jdk-11\bin\net.dll
0x00007fff55df0000 - 0x00007fff55f1f000 	C:\WINDOWS\SYSTEM32\WINHTTP.dll
0x00007fff5b360000 - 0x00007fff5b3c9000 	C:\WINDOWS\system32\mswsock.dll
0x00007ffe7f090000 - 0x00007ffe7f0a2000 	C:\Program Files\Java\jdk-11\bin\nio.dll
0x00007fff56ed0000 - 0x00007fff56eea000 	D:\software\codingSoft\IDEA_2021\IntelliJ IDEA 2022.3.3\bin\breakgen64.dll
0x00007fff5b5b0000 - 0x00007fff5b5cb000 	C:\WINDOWS\SYSTEM32\CRYPTSP.dll
0x00007fff5ae70000 - 0x00007fff5aea5000 	C:\WINDOWS\system32\rsaenh.dll
0x00007fff5b450000 - 0x00007fff5b478000 	C:\WINDOWS\SYSTEM32\USERENV.dll
0x00007fff5b750000 - 0x00007fff5b778000 	C:\WINDOWS\SYSTEM32\bcrypt.dll
0x00007fff5b5d0000 - 0x00007fff5b5dc000 	C:\WINDOWS\SYSTEM32\CRYPTBASE.dll
0x00007fff5a980000 - 0x00007fff5a9ad000 	C:\WINDOWS\SYSTEM32\IPHLPAPI.DLL
0x00007fff5db00000 - 0x00007fff5db09000 	C:\WINDOWS\System32\NSI.dll
0x00007fff55430000 - 0x00007fff55449000 	?
0x00007fff55410000 - 0x00007fff5542f000 	N?
0x00007fff5a9b0000 - 0x00007fff5aaa2000 	p??
0x00007fff512b0000 - 0x00007fff512f2000 	C:\Users\27425\AppData\Local\Temp\jna-47866130\jna16748945398109872753.dll
0x00007ffe7b0a0000 - 0x00007ffe7b5f3000 	D:\study\code\github_project\JNA_privacy_tools\target\classes\win32-x86-64\SKYLINE.dll
0x00007fff5bf50000 - 0x00007fff5c0b6000 	I??
0x00007fff51200000 - 0x00007fff5122e000 	C:\WINDOWS\SYSTEM32\VCRUNTIME140D.dll
0x00007ffe7b810000 - 0x00007ffe7ba31000 	???

dbghelp: loaded successfully - version: 4.0.5 - missing functions: none
symbol engine: initialized successfully - sym options: 0x614 - pdb path: .;C:\Program Files\Java\jdk-11\bin;C:\WINDOWS\SYSTEM32;C:\WINDOWS\WinSxS\amd64_microsoft.windows.common-controls_6595b64144ccf1df_6.0.22621.608_none_a9444ca7c10bb01d;C:\Program Files\Java\jdk-11\bin\server;D:\software\codingSoft\IDEA_2021\IntelliJ IDEA 2022.3.3\bin;C:\Users\27425\AppData\Local\Temp\jna-47866130;?;N?;p?;D:\study\code\github_project\JNA_privacy_tools\target\classes\win32-x86-64;

VM Arguments:
jvm_args: -javaagent:D:\software\codingSoft\IDEA_2021\IntelliJ IDEA 2022.3.3\lib\idea_rt.jar=61895:D:\software\codingSoft\IDEA_2021\IntelliJ IDEA 2022.3.3\bin -Dfile.encoding=UTF-8 
java_command: com.xd.main
java_class_path (initial): D:\study\code\github_project\JNA_privacy_tools\target\classes;C:\Users\27425\.m2\repository\net\java\dev\jna\jna\5.3.1\jna-5.3.1.jar;C:\Users\27425\.m2\repository\org\projectlombok\lombok\1.18.8\lombok-1.18.8.jar;C:\Users\27425\.m2\repository\commons-io\commons-io\2.6\commons-io-2.6.jar;C:\Users\27425\.m2\repository\com\alibaba\fastjson\1.2.61\fastjson-1.2.61.jar
Launcher Type: SUN_STANDARD

[Global flags]
     intx CICompilerCount                          = 12                                        {product} {ergonomic}
     uint ConcGCThreads                            = 3                                         {product} {ergonomic}
     uint G1ConcRefinementThreads                  = 13                                        {product} {ergonomic}
   size_t G1HeapRegionSize                         = 1048576                                   {product} {ergonomic}
    uintx GCDrainStackTargetSize                   = 64                                        {product} {ergonomic}
   size_t InitialHeapSize                          = 255852544                                 {product} {ergonomic}
   size_t MarkStackSize                            = 4194304                                   {product} {ergonomic}
   size_t MaxHeapSize                              = 4087349248                                {product} {ergonomic}
   size_t MaxNewSize                               = 2451570688                                {product} {ergonomic}
   size_t MinHeapDeltaBytes                        = 1048576                                   {product} {ergonomic}
    uintx NonNMethodCodeHeapSize                   = 7594288                                {pd product} {ergonomic}
    uintx NonProfiledCodeHeapSize                  = 122031976                              {pd product} {ergonomic}
    uintx ProfiledCodeHeapSize                     = 122031976                              {pd product} {ergonomic}
    uintx ReservedCodeCacheSize                    = 251658240                              {pd product} {ergonomic}
     bool SegmentedCodeCache                       = true                                      {product} {ergonomic}
     bool UseCompressedClassPointers               = true                                 {lp64_product} {ergonomic}
     bool UseCompressedOops                        = true                                 {lp64_product} {ergonomic}
     bool UseG1GC                                  = true                                      {product} {ergonomic}
     bool UseLargePagesIndividualAllocation        = false                                  {pd product} {ergonomic}

Logging:
Log output configuration:
 #0: stdout all=warning uptime,level,tags
 #1: stderr all=off uptime,level,tags

Environment Variables:
JAVA_HOME=C:\Program Files\Java\jdk-11
CLASSPATH=.;C:\Program Files\Java\jdk-11\lib\dt.jar;C:\Program Files\Java\jdk-11\lib\tools.jar;
PATH=C:\Program Files (x86)\VMware\VMware Workstation\bin\;C:\Program Files\Common Files\Oracle\Java\javapath;C:\Windows\system32;C:\Windows;C:\Windows\System32\Wbem;C:\Windows\System32\WindowsPowerShell\v1.0\;C:\Windows\System32\OpenSSH\;C:\Program Files (x86)\NVIDIA Corporation\PhysX\Common;C:\Program Files\NVIDIA Corporation\NVIDIA NvDLISR;C:\WINDOWS\system32;C:\WINDOWS;C:\WINDOWS\System32\Wbem;C:\WINDOWS\System32\WindowsPowerShell\v1.0\;C:\WINDOWS\System32\OpenSSH\;D:\software\work\;D:\software\work\xftp\;D:\software\work\xmanager_25618\Xmanager 7\;D:\software\work\xmanager_25618\Xlpd 7\;D:\software\work\git\Git\cmd;D:\software\work\nasm;C:\Program Files\dotnet\;C:\Program Files (x86)\Windows Kits\10\Windows Performance Toolkit\;C:\Program Files\Java\jdk-11\bin;C:\Program Files\Graphviz\bin;D:\software\work\Mysql5.7\mysql-5.7.27-winx64\bin;C:\Program Files\nodejs\;C:\ProgramData\chocolatey\bin;C:\Program Files\CMake\bin;D:\software\codingSoft\mingw64\bin;C:\Users\27425\AppData\Local\Programs\Python\Python39\Scripts\;C:\Users\27425\AppData\Local\Programs\Python\Python39\;C:\Users\27425\AppData\Local\Microsoft\WindowsApps;;D:\software\codingSoft\CLion 2023.1.2\bin;;D:\software\codingSoft\Microsoft VS Code\bin;C:\Users\27425\.dotnet\tools;D:\software\codingSoft\IDEA_2021\IntelliJ IDEA 2022.3.3\bin;;C:\Users\27425\AppData\Roaming\npm
USERNAME=27425
OS=Windows_NT
PROCESSOR_IDENTIFIER=AMD64 Family 25 Model 116 Stepping 1, AuthenticAMD



---------------  S Y S T E M  ---------------

OS: Windows 11 , 64 bit Build 22621 (10.0.22621.963)

CPU:total 16 (initial active 16) (16 cores per cpu, 2 threads per core) family 25 model 116 stepping 1 microcode 0x0, cmov, cx8, fxsr, mmx, sse, sse2, sse3, ssse3, sse4.1, sse4.2, popcnt, avx, avx2, aes, clmul, erms, mmxext, 3dnowpref, lzcnt, sse4a, ht, tsc, tscinvbit, tscinv, bmi1, bmi2, adx, evex, sha, fma

Memory: 4k page, system-wide physical 15585M (3447M free)
TotalPageFile size 29921M (AvailPageFile size 8078M)
current process WorkingSet (physical memory assigned to process): 82M, peak: 82M
current process commit charge ("private bytes"): 371M, peak: 371M

vm_info: Java HotSpot(TM) 64-Bit Server VM (11.0.22+9-LTS-219) for windows-amd64 JRE (11.0.22+9-LTS-219), built on Dec 19 2023 22:08:21 by "mach5one" with MS VC++ 17.1 (VS2022)

END.
